2012/06/07 00:49:18 [error] [exception.CHttpException.403] exception 'CHttpException' with message 'You are not authorized to perform this action.' in G:\web\domains\yii\framework\web\auth\CAccessControlFilter.php:157
Stack trace:
#0 G:\web\domains\yii\framework\web\auth\CAccessControlFilter.php(120): CAccessControlFilter->accessDenied(Object(CWebUser), 'You are not aut...')
#1 G:\web\domains\yii\framework\web\filters\CFilter.php(39): CAccessControlFilter->preFilter(Object(CFilterChain))
#2 G:\web\domains\yii\framework\web\CController.php(1146): CFilter->filter(Object(CFilterChain))
#3 G:\web\domains\yii\framework\web\filters\CInlineFilter.php(59): CController->filterAccessControl(Object(CFilterChain))
#4 G:\web\domains\yii\framework\web\filters\CFilterChain.php(131): CInlineFilter->filter(Object(CFilterChain))
#5 G:\web\domains\yii\framework\web\CController.php(292): CFilterChain->run()
#6 G:\web\domains\yii\framework\web\CController.php(266): CController->runActionWithFilters(Object(CInlineAction), Array)
#7 G:\web\domains\yii\framework\web\CWebApplication.php(276): CController->run('')
#8 G:\web\domains\yii\framework\web\CWebApplication.php(135): CWebApplication->runController('auction')
#9 G:\web\domains\yii\framework\base\CApplication.php(162): CWebApplication->processRequest()
#10 G:\web\domains\highhopes\index.php(13): CApplication->run()
#11 {main}
REQUEST_URI=/index.php/auction
HTTP_REFERER=http://highhopes/index.php/site/login
---
2012/06/07 00:49:26 [error] [exception.CHttpException.403] exception 'CHttpException' with message 'You are not authorized to perform this action.' in G:\web\domains\yii\framework\web\auth\CAccessControlFilter.php:157
Stack trace:
#0 G:\web\domains\yii\framework\web\auth\CAccessControlFilter.php(120): CAccessControlFilter->accessDenied(Object(CWebUser), 'You are not aut...')
#1 G:\web\domains\yii\framework\web\filters\CFilter.php(39): CAccessControlFilter->preFilter(Object(CFilterChain))
#2 G:\web\domains\yii\framework\web\CController.php(1146): CFilter->filter(Object(CFilterChain))
#3 G:\web\domains\yii\framework\web\filters\CInlineFilter.php(59): CController->filterAccessControl(Object(CFilterChain))
#4 G:\web\domains\yii\framework\web\filters\CFilterChain.php(131): CInlineFilter->filter(Object(CFilterChain))
#5 G:\web\domains\yii\framework\web\CController.php(292): CFilterChain->run()
#6 G:\web\domains\yii\framework\web\CController.php(266): CController->runActionWithFilters(Object(CInlineAction), Array)
#7 G:\web\domains\yii\framework\web\CWebApplication.php(276): CController->run('')
#8 G:\web\domains\yii\framework\web\CWebApplication.php(135): CWebApplication->runController('auction')
#9 G:\web\domains\yii\framework\base\CApplication.php(162): CWebApplication->processRequest()
#10 G:\web\domains\highhopes\index.php(13): CApplication->run()
#11 {main}
REQUEST_URI=/index.php/auction
HTTP_REFERER=http://highhopes/index.php/site/login
---
2012/06/07 00:49:28 [error] [exception.CHttpException.403] exception 'CHttpException' with message 'You are not authorized to perform this action.' in G:\web\domains\yii\framework\web\auth\CAccessControlFilter.php:157
Stack trace:
#0 G:\web\domains\yii\framework\web\auth\CAccessControlFilter.php(120): CAccessControlFilter->accessDenied(Object(CWebUser), 'You are not aut...')
#1 G:\web\domains\yii\framework\web\filters\CFilter.php(39): CAccessControlFilter->preFilter(Object(CFilterChain))
#2 G:\web\domains\yii\framework\web\CController.php(1146): CFilter->filter(Object(CFilterChain))
#3 G:\web\domains\yii\framework\web\filters\CInlineFilter.php(59): CController->filterAccessControl(Object(CFilterChain))
#4 G:\web\domains\yii\framework\web\filters\CFilterChain.php(131): CInlineFilter->filter(Object(CFilterChain))
#5 G:\web\domains\yii\framework\web\CController.php(292): CFilterChain->run()
#6 G:\web\domains\yii\framework\web\CController.php(266): CController->runActionWithFilters(Object(CInlineAction), Array)
#7 G:\web\domains\yii\framework\web\CWebApplication.php(276): CController->run('')
#8 G:\web\domains\yii\framework\web\CWebApplication.php(135): CWebApplication->runController('auction')
#9 G:\web\domains\yii\framework\base\CApplication.php(162): CWebApplication->processRequest()
#10 G:\web\domains\highhopes\index.php(13): CApplication->run()
#11 {main}
REQUEST_URI=/index.php/auction
---
2012/06/07 01:17:11 [error] [exception.CHttpException.404] exception 'CHttpException' with message 'Unable to resolve the request "auctions".' in G:\web\domains\yii\framework\web\CWebApplication.php:280
Stack trace:
#0 G:\web\domains\yii\framework\web\CWebApplication.php(135): CWebApplication->runController('auctions')
#1 G:\web\domains\yii\framework\base\CApplication.php(162): CWebApplication->processRequest()
#2 G:\web\domains\highhopes\index.php(13): CApplication->run()
#3 {main}
REQUEST_URI=/index.php/auctions
---
2012/06/07 01:23:03 [error] [php] Cannot modify header information - headers already sent by (output started at G:\web\domains\highhopes\protected\controllers\AuctionController.php:88) (G:\web\domains\yii\framework\web\CHttpRequest.php:716)
Stack trace:
#0 G:\web\domains\highhopes\protected\controllers\AuctionController.php(91): AuctionController->redirect()
#1 G:\web\domains\yii\framework\web\actions\CInlineAction.php(50): AuctionController->actionCreate()
#2 G:\web\domains\yii\framework\web\CController.php(309): CInlineAction->runWithParams()
#3 G:\web\domains\yii\framework\web\filters\CFilterChain.php(134): AuctionController->runAction()
#4 G:\web\domains\yii\framework\web\filters\CFilter.php(41): CFilterChain->run()
#5 G:\web\domains\yii\framework\web\CController.php(1146): CAccessControlFilter->filter()
#6 G:\web\domains\yii\framework\web\filters\CInlineFilter.php(59): AuctionController->filterAccessControl()
#7 G:\web\domains\yii\framework\web\filters\CFilterChain.php(131): CInlineFilter->filter()
#8 G:\web\domains\yii\framework\web\CController.php(292): CFilterChain->run()
#9 G:\web\domains\yii\framework\web\CController.php(266): AuctionController->runActionWithFilters()
#10 G:\web\domains\yii\framework\web\CWebApplication.php(276): AuctionController->run()
#11 G:\web\domains\yii\framework\web\CWebApplication.php(135): CWebApplication->runController()
#12 G:\web\domains\yii\framework\base\CApplication.php(162): CWebApplication->processRequest()
#13 G:\web\domains\highhopes\index.php(13): CWebApplication->run()
REQUEST_URI=/index.php/auction/create
in G:\web\domains\highhopes\protected\controllers\AuctionController.php (91)
in G:\web\domains\highhopes\index.php (13)
2012/06/09 17:53:00 [error] [exception.CHttpException.404] exception 'CHttpException' with message 'Unable to resolve the request "login".' in G:\web\domains\yii\framework\web\CWebApplication.php:280
Stack trace:
#0 G:\web\domains\yii\framework\web\CWebApplication.php(135): CWebApplication->runController('login')
#1 G:\web\domains\yii\framework\base\CApplication.php(162): CWebApplication->processRequest()
#2 G:\web\domains\HighHopes\index.php(13): CApplication->run()
#3 {main}
REQUEST_URI=/index.php/login
---
2012/06/09 17:53:15 [error] [exception.CHttpException.404] exception 'CHttpException' with message 'Unable to resolve the request "logout".' in G:\web\domains\yii\framework\web\CWebApplication.php:280
Stack trace:
#0 G:\web\domains\yii\framework\web\CWebApplication.php(135): CWebApplication->runController('logout')
#1 G:\web\domains\yii\framework\base\CApplication.php(162): CWebApplication->processRequest()
#2 G:\web\domains\HighHopes\index.php(13): CApplication->run()
#3 {main}
REQUEST_URI=/index.php/logout
---
2012/06/09 17:53:28 [error] [exception.CHttpException.404] exception 'CHttpException' with message 'The system is unable to find the requested action "images".' in G:\web\domains\yii\framework\web\CController.php:484
Stack trace:
#0 G:\web\domains\yii\framework\web\CController.php(271): CController->missingAction('images')
#1 G:\web\domains\yii\framework\web\CWebApplication.php(276): CController->run('images')
#2 G:\web\domains\yii\framework\web\CWebApplication.php(135): CWebApplication->runController('site/images/ico...')
#3 G:\web\domains\yii\framework\base\CApplication.php(162): CWebApplication->processRequest()
#4 G:\web\domains\HighHopes\index.php(13): CApplication->run()
#5 {main}
REQUEST_URI=/index.php/site/images/icons/tick.png
HTTP_REFERER=http://highhopes/index.php/site/login
---
2012/06/09 17:53:28 [error] [exception.CHttpException.404] exception 'CHttpException' with message 'The system is unable to find the requested action "images".' in G:\web\domains\yii\framework\web\CController.php:484
Stack trace:
#0 G:\web\domains\yii\framework\web\CController.php(271): CController->missingAction('images')
#1 G:\web\domains\yii\framework\web\CWebApplication.php(276): CController->run('images')
#2 G:\web\domains\yii\framework\web\CWebApplication.php(135): CWebApplication->runController('site/images/ico...')
#3 G:\web\domains\yii\framework\base\CApplication.php(162): CWebApplication->processRequest()
#4 G:\web\domains\HighHopes\index.php(13): CApplication->run()
#5 {main}
REQUEST_URI=/index.php/site/images/icons/key.png
HTTP_REFERER=http://highhopes/index.php/site/login
---
2012/06/09 17:53:59 [error] [exception.CHttpException.404] exception 'CHttpException' with message 'The system is unable to find the requested action "images".' in G:\web\domains\yii\framework\web\CController.php:484
Stack trace:
#0 G:\web\domains\yii\framework\web\CController.php(271): CController->missingAction('images')
#1 G:\web\domains\yii\framework\web\CWebApplication.php(276): CController->run('images')
#2 G:\web\domains\yii\framework\web\CWebApplication.php(135): CWebApplication->runController('site/images/ico...')
#3 G:\web\domains\yii\framework\base\CApplication.php(162): CWebApplication->processRequest()
#4 G:\web\domains\HighHopes\index.php(13): CApplication->run()
#5 {main}
REQUEST_URI=/index.php/site/images/icons/key.png
HTTP_REFERER=http://highhopes/index.php/site/login
---
2012/06/09 17:54:18 [error] [exception.CHttpException.404] exception 'CHttpException' with message 'The system is unable to find the requested action "images".' in G:\web\domains\yii\framework\web\CController.php:484
Stack trace:
#0 G:\web\domains\yii\framework\web\CController.php(271): CController->missingAction('images')
#1 G:\web\domains\yii\framework\web\CWebApplication.php(276): CController->run('images')
#2 G:\web\domains\yii\framework\web\CWebApplication.php(135): CWebApplication->runController('site/images/ico...')
#3 G:\web\domains\yii\framework\base\CApplication.php(162): CWebApplication->processRequest()
#4 G:\web\domains\HighHopes\index.php(13): CApplication->run()
#5 {main}
REQUEST_URI=/index.php/site/images/icons/key.png
HTTP_REFERER=http://highhopes/index.php/site/login
---
2012/06/09 17:54:32 [error] [exception.CHttpException.404] exception 'CHttpException' with message 'The system is unable to find the requested action "images".' in G:\web\domains\yii\framework\web\CController.php:484
Stack trace:
#0 G:\web\domains\yii\framework\web\CController.php(271): CController->missingAction('images')
#1 G:\web\domains\yii\framework\web\CWebApplication.php(276): CController->run('images')
#2 G:\web\domains\yii\framework\web\CWebApplication.php(135): CWebApplication->runController('site/images/ico...')
#3 G:\web\domains\yii\framework\base\CApplication.php(162): CWebApplication->processRequest()
#4 G:\web\domains\HighHopes\index.php(13): CApplication->run()
#5 {main}
REQUEST_URI=/index.php/site/images/icons/key.png
HTTP_REFERER=http://highhopes/index.php/site/login
---
2012/06/09 17:59:56 [error] [exception.CException] exception 'CException' with message 'SiteController contains improperly nested widget tags in its view "G:\web\domains\HighHopes\protected\views\site\login.php". A CActiveForm widget does not have an endWidget() call.' in G:\web\domains\yii\framework\web\CBaseController.php:102
Stack trace:
#0 G:\web\domains\yii\framework\web\CController.php(870): CBaseController->renderFile('G:\web\domains\...', Array, true)
#1 G:\web\domains\yii\framework\web\CController.php(783): CController->renderPartial('login', Array, true)
#2 G:\web\domains\HighHopes\protected\controllers\SiteController.php(92): CController->render('login', Array)
#3 G:\web\domains\yii\framework\web\actions\CInlineAction.php(50): SiteController->actionLogin()
#4 G:\web\domains\yii\framework\web\CController.php(309): CInlineAction->runWithParams(Array)
#5 G:\web\domains\yii\framework\web\CController.php(287): CController->runAction(Object(CInlineAction))
#6 G:\web\domains\yii\framework\web\CController.php(266): CController->runActionWithFilters(Object(CInlineAction), Array)
#7 G:\web\domains\yii\framework\web\CWebApplication.php(276): CController->run('login')
#8 G:\web\domains\yii\framework\web\CWebApplication.php(135): CWebApplication->runController('site/login')
#9 G:\web\domains\yii\framework\base\CApplication.php(162): CWebApplication->processRequest()
#10 G:\web\domains\HighHopes\index.php(13): CApplication->run()
#11 {main}
REQUEST_URI=/index.php/site/login
---
2012/06/09 18:00:20 [error] [exception.CHttpException.404] exception 'CHttpException' with message 'The system is unable to find the requested action "images".' in G:\web\domains\yii\framework\web\CController.php:484
Stack trace:
#0 G:\web\domains\yii\framework\web\CController.php(271): CController->missingAction('images')
#1 G:\web\domains\yii\framework\web\CWebApplication.php(276): CController->run('images')
#2 G:\web\domains\yii\framework\web\CWebApplication.php(135): CWebApplication->runController('site/images/ico...')
#3 G:\web\domains\yii\framework\base\CApplication.php(162): CWebApplication->processRequest()
#4 G:\web\domains\HighHopes\index.php(13): CApplication->run()
#5 {main}
REQUEST_URI=/index.php/site/images/icons/key.png
HTTP_REFERER=http://highhopes/index.php/site/login
---
2012/06/09 18:00:23 [error] [exception.CHttpException.404] exception 'CHttpException' with message 'The system is unable to find the requested action "images".' in G:\web\domains\yii\framework\web\CController.php:484
Stack trace:
#0 G:\web\domains\yii\framework\web\CController.php(271): CController->missingAction('images')
#1 G:\web\domains\yii\framework\web\CWebApplication.php(276): CController->run('images')
#2 G:\web\domains\yii\framework\web\CWebApplication.php(135): CWebApplication->runController('site/images/ico...')
#3 G:\web\domains\yii\framework\base\CApplication.php(162): CWebApplication->processRequest()
#4 G:\web\domains\HighHopes\index.php(13): CApplication->run()
#5 {main}
REQUEST_URI=/index.php/site/images/icons/key.png
HTTP_REFERER=http://highhopes/index.php/site/login
---
